
ROM used: 2386 (58%)
          2386 (58%) including unused fragments

          6 Average locations per line
          80 Average locations per statement

RAM used: 75 (29%) at main() level
          95 (37%) worst case

Stack used: 2 worst case (out of 31 total available)

Lines Stmts  %   Files
----- ----- ---  -----
   86    30 100  floating_point_PID.c
  344     0   0  C:\Program Files (x86)\PICC\devices\18F1220.h
----- -----
  430    30 Total

Page ROM  %  RAM   Vol Diff  Functions:
---- --- --- ---   --- ----  ----------
0    704  15   4   721  5.8  timer0_interrupt
0     54   1   2   245  2.3  @ITOF
0    618  13  16             @ADDFF
0    242   5  11             @MULFF
0    348   7  14             @DIVFF
0     58   1   4             @SFTOI
0    192   4   0   245  2.3  MAIN

Program metrics:
    Functions               3
    Statements              30
    Comments                121
    Volume (V)              1538
    Difficilty (D)          10.0
    Effort to implement (E) 15394
    Time to implement (T)   14 minutes
    Est Delivered Bugs (B)  0
    Cyclomatic Complexity   1
    Maintainability (MI)    81

 Segment     Used  Free
-----------  ----  ----
00000-00002     4  0  
00004-00006     0  4  
00008-000AC   166  0  
000AE-00FFE  2216  1706  



